# JRE version: Java(TM) SE Runtime Environment (24.0.2+12) (build 24.0.2+12-54)
# Java VM: Java HotSpot(TM) 64-Bit Server VM (24.0.2+12-54, mixed mode, sharing, tiered, compressed oops, compressed class ptrs, g1 gc, windows-amd64)
GC Precious Log:
 CardTable entry size: 512
 Card Set container configuration: InlinePtr #cards 5 size 8 Array Of Cards #cards 10 size 36 Howl #buckets 4 coarsen threshold 1843 Howl Bitmap #cards 512 size 80 coarsen threshold 460 Card regions per heap region 1 cards per card region 2048
 CPUs: 12 total, 12 available
 Memory: 5989M
 Large Page Support: Disabled
 NUMA Support: Disabled
 Compressed Oops: Enabled (32-bit)
 Heap Region Size: 1M
 Heap Min Capacity: 8M
 Heap Initial Capacity: 94M
 Heap Max Capacity: 1498M
 Pre-touch: Disabled
 Parallel Workers: 10
 Concurrent Workers: 3
 Concurrent Refinement Workers: 10
 Periodic GC: Disabled
Heap:
 garbage-first heap   total reserved 1533952K, committed 63488K, used 40686K [0x00000000a2600000, 0x0000000100000000)
  region size 1024K, 15 young (15360K), 3 survivors (3072K)
 Metaspace       used 66700K, committed 67264K, reserved 1114112K
  class space    used 7109K, committed 7360K, reserved 1048576K
GC Heap History (18 events):
Event: 1.622 GC heap before
{Heap before GC invocations=0 (full 0):
 garbage-first heap   total reserved 1533952K, committed 98304K, used 50292K [0x00000000a2600000, 0x0000000100000000)
  region size 1024K, 47 young (48128K), 0 survivors (0K)
 Metaspace       used 12136K, committed 12416K, reserved 1114112K
  class space    used 1337K, committed 1472K, reserved 1048576K
}
Event: 1.629 GC heap after
{Heap after GC invocations=1 (full 0):
 garbage-first heap   total reserved 1533952K, committed 98304K, used 11016K [0x00000000a2600000, 0x0000000100000000)
  region size 1024K, 6 young (6144K), 6 survivors (6144K)
 Metaspace       used 12136K, committed 12416K, reserved 1114112K
  class space    used 1337K, committed 1472K, reserved 1048576K
}
Event: 2.180 GC heap before
{Heap before GC invocations=1 (full 0):
 garbage-first heap   total reserved 1533952K, committed 98304K, used 43784K [0x00000000a2600000, 0x0000000100000000)
  region size 1024K, 39 young (39936K), 6 survivors (6144K)
 Metaspace       used 21234K, committed 21504K, reserved 1114112K
  class space    used 2153K, committed 2304K, reserved 1048576K
}
Event: 2.187 GC heap after
{Heap after GC invocations=2 (full 0):
 garbage-first heap   total reserved 1533952K, committed 98304K, used 15149K [0x00000000a2600000, 0x0000000100000000)
  region size 1024K, 4 young (4096K), 4 survivors (4096K)
 Metaspace       used 21234K, committed 21504K, reserved 1114112K
  class space    used 2153K, committed 2304K, reserved 1048576K
}
Event: 3.249 GC heap before
{Heap before GC invocations=3 (full 0):
 garbage-first heap   total reserved 1533952K, committed 55296K, used 54061K [0x00000000a2600000, 0x0000000100000000)
  region size 1024K, 42 young (43008K), 4 survivors (4096K)
 Metaspace       used 27143K, committed 27456K, reserved 1114112K
  class space    used 2799K, committed 2944K, reserved 1048576K
}
Event: 3.259 GC heap after
{Heap after GC invocations=4 (full 0):
 garbage-first heap   total reserved 1533952K, committed 63488K, used 18991K [0x00000000a2600000, 0x0000000100000000)
  region size 1024K, 5 young (5120K), 5 survivors (5120K)
 Metaspace       used 27143K, committed 27456K, reserved 1114112K
  class space    used 2799K, committed 2944K, reserved 1048576K
}
Event: 4.244 GC heap before
{Heap before GC invocations=4 (full 0):
 garbage-first heap   total reserved 1533952K, committed 63488K, used 45615K [0x00000000a2600000, 0x0000000100000000)
  region size 1024K, 31 young (31744K), 5 survivors (5120K)
 Metaspace       used 31981K, committed 32384K, reserved 1114112K
  class space    used 3382K, committed 3520K, reserved 1048576K
}
Event: 4.253 GC heap after
{Heap after GC invocations=5 (full 0):
 garbage-first heap   total reserved 1533952K, committed 63488K, used 21022K [0x00000000a2600000, 0x0000000100000000)
  region size 1024K, 3 young (3072K), 3 survivors (3072K)
 Metaspace       used 31981K, committed 32384K, reserved 1114112K
  class space    used 3382K, committed 3520K, reserved 1048576K
}
Event: 4.773 GC heap before
{Heap before GC invocations=5 (full 0):
 garbage-first heap   total reserved 1533952K, committed 63488K, used 38430K [0x00000000a2600000, 0x0000000100000000)
  region size 1024K, 21 young (21504K), 3 survivors (3072K)
 Metaspace       used 35556K, committed 35968K, reserved 1114112K
  class space    used 3760K, committed 3968K, reserved 1048576K
}
Event: 4.780 GC heap after
{Heap after GC invocations=6 (full 0):
 garbage-first heap   total reserved 1533952K, committed 63488K, used 22557K [0x00000000a2600000, 0x0000000100000000)
  region size 1024K, 2 young (2048K), 2 survivors (2048K)
 Metaspace       used 35556K, committed 35968K, reserved 1114112K
  class space    used 3760K, committed 3968K, reserved 1048576K
}
Event: 5.715 GC heap before
{Heap before GC invocations=7 (full 0):
 garbage-first heap   total reserved 1533952K, committed 63488K, used 49181K [0x00000000a2600000, 0x0000000100000000)
  region size 1024K, 29 young (29696K), 2 survivors (2048K)
 Metaspace       used 43045K, committed 43456K, reserved 1114112K
  class space    used 4547K, committed 4736K, reserved 1048576K
}
Event: 5.723 GC heap after
{Heap after GC invocations=8 (full 0):
 garbage-first heap   total reserved 1533952K, committed 63488K, used 24558K [0x00000000a2600000, 0x0000000100000000)
  region size 1024K, 4 young (4096K), 4 survivors (4096K)
 Metaspace       used 43045K, committed 43456K, reserved 1114112K
  class space    used 4547K, committed 4736K, reserved 1048576K
}
Event: 6.740 GC heap before
{Heap before GC invocations=8 (full 0):
 garbage-first heap   total reserved 1533952K, committed 63488K, used 50158K [0x00000000a2600000, 0x0000000100000000)
  region size 1024K, 30 young (30720K), 4 survivors (4096K)
 Metaspace       used 52744K, committed 53248K, reserved 1114112K
  class space    used 5477K, committed 5696K, reserved 1048576K
}
Event: 6.749 GC heap after
{Heap after GC invocations=9 (full 0):
 garbage-first heap   total reserved 1533952K, committed 63488K, used 27024K [0x00000000a2600000, 0x0000000100000000)
  region size 1024K, 3 young (3072K), 3 survivors (3072K)
 Metaspace       used 52744K, committed 53248K, reserved 1114112K
  class space    used 5477K, committed 5696K, reserved 1048576K
}
Event: 7.283 GC heap before
{Heap before GC invocations=9 (full 0):
 garbage-first heap   total reserved 1533952K, committed 63488K, used 45456K [0x00000000a2600000, 0x0000000100000000)
  region size 1024K, 23 young (23552K), 3 survivors (3072K)
 Metaspace       used 59631K, committed 60160K, reserved 1114112K
  class space    used 6277K, committed 6528K, reserved 1048576K
}
Event: 7.288 GC heap after
{Heap after GC invocations=10 (full 0):
 garbage-first heap   total reserved 1533952K, committed 63488K, used 28194K [0x00000000a2600000, 0x0000000100000000)
  region size 1024K, 2 young (2048K), 2 survivors (2048K)
 Metaspace       used 59631K, committed 60160K, reserved 1114112K
  class space    used 6277K, committed 6528K, reserved 1048576K
}
Event: 8.004 GC heap before
{Heap before GC invocations=11 (full 0):
 garbage-first heap   total reserved 1533952K, committed 63488K, used 52770K [0x00000000a2600000, 0x0000000100000000)
  region size 1024K, 27 young (27648K), 2 survivors (2048K)
 Metaspace       used 64827K, committed 65344K, reserved 1114112K
  class space    used 6889K, committed 7104K, reserved 1048576K
}
Event: 8.010 GC heap after
{Heap after GC invocations=12 (full 0):
 garbage-first heap   total reserved 1533952K, committed 63488K, used 29422K [0x00000000a2600000, 0x0000000100000000)
  region size 1024K, 3 young (3072K), 3 survivors (3072K)
 Metaspace       used 64827K, committed 65344K, reserved 1114112K
  class space    used 6889K, committed 7104K, reserved 1048576K
}

