# JRE version: Java(TM) SE Runtime Environment (25.0.1+8) (build 25.0.1+8-LTS-27)
# Java VM: Java HotSpot(TM) 64-Bit Server VM (25.0.1+8-LTS-27, mixed mode, sharing, tiered, compressed oops, compressed class ptrs, g1 gc, windows-amd64)
GC Precious Log:
 CardTable entry size: 512
 Card Set container configuration: InlinePtr #cards 5 size 8 Array Of Cards #cards 10 size 36 Howl #buckets 4 coarsen threshold 1843 Howl Bitmap #cards 512 size 80 coarsen threshold 460 Card regions per heap region 1 cards per card region 2048
 CPUs: 12 total, 12 available
 Memory: 5989M
 Large Page Support: Disabled
 NUMA Support: Disabled
 Compressed Oops: Enabled (32-bit)
 Heap Region Size: 1M
 Heap Min Capacity: 8M
 Heap Initial Capacity: 94M
 Heap Max Capacity: 1498M
 Pre-touch: Disabled
 Parallel Workers: 10
 Concurrent Workers: 3
 Concurrent Refinement Workers: 10
 Periodic GC: Disabled
Heap:
 garbage-first heap   total reserved 1533952K, committed 71680K, used 53019K [0x00000000a2600000, 0x0000000100000000)
  region size 1024K, 13 young (13312K), 2 survivors (2048K)
GC Heap Usage History (20 events):
Event: 8.067 {heap Before GC invocations=10 (full 0):
 garbage-first heap   total reserved 1533952K, committed 55296K, used 47727K [0x00000000a2600000, 0x0000000100000000)
  region size 1024K, 23 young (23552K), 3 survivors (3072K)
}
Event: 8.073 {heap After GC invocations=11 (full 0):
 garbage-first heap   total reserved 1533952K, committed 55296K, used 29092K [0x00000000a2600000, 0x0000000100000000)
  region size 1024K, 2 young (2048K), 2 survivors (2048K)
}
Event: 8.448 {heap Before GC invocations=11 (full 0):
 garbage-first heap   total reserved 1533952K, committed 55296K, used 39332K [0x00000000a2600000, 0x0000000100000000)
  region size 1024K, 14 young (14336K), 2 survivors (2048K)
}
Event: 8.452 {heap After GC invocations=12 (full 0):
 garbage-first heap   total reserved 1533952K, committed 66560K, used 29511K [0x00000000a2600000, 0x0000000100000000)
  region size 1024K, 2 young (2048K), 2 survivors (2048K)
}
Event: 9.166 {heap Before GC invocations=13 (full 0):
 garbage-first heap   total reserved 1533952K, committed 66560K, used 58183K [0x00000000a2600000, 0x0000000100000000)
  region size 1024K, 30 young (30720K), 2 survivors (2048K)
}
Event: 9.172 {heap After GC invocations=14 (full 0):
 garbage-first heap   total reserved 1533952K, committed 66560K, used 30907K [0x00000000a2600000, 0x0000000100000000)
  region size 1024K, 4 young (4096K), 4 survivors (4096K)
}
Event: 9.765 {heap Before GC invocations=14 (full 0):
 garbage-first heap   total reserved 1533952K, committed 66560K, used 57531K [0x00000000a2600000, 0x0000000100000000)
  region size 1024K, 31 young (31744K), 4 survivors (4096K)
}
Event: 9.770 {heap After GC invocations=15 (full 0):
 garbage-first heap   total reserved 1533952K, committed 66560K, used 32532K [0x00000000a2600000, 0x0000000100000000)
  region size 1024K, 4 young (4096K), 4 survivors (4096K)
}
Event: 10.536 {heap Before GC invocations=15 (full 0):
 garbage-first heap   total reserved 1533952K, committed 66560K, used 60180K [0x00000000a2600000, 0x0000000100000000)
  region size 1024K, 31 young (31744K), 4 survivors (4096K)
}
Event: 10.542 {heap After GC invocations=16 (full 0):
 garbage-first heap   total reserved 1533952K, committed 67584K, used 34759K [0x00000000a2600000, 0x0000000100000000)
  region size 1024K, 4 young (4096K), 4 survivors (4096K)
}
Event: 11.095 {heap Before GC invocations=16 (full 0):
 garbage-first heap   total reserved 1533952K, committed 67584K, used 60359K [0x00000000a2600000, 0x0000000100000000)
  region size 1024K, 29 young (29696K), 4 survivors (4096K)
}
Event: 11.100 {heap After GC invocations=17 (full 0):
 garbage-first heap   total reserved 1533952K, committed 68608K, used 37394K [0x00000000a2600000, 0x0000000100000000)
  region size 1024K, 3 young (3072K), 3 survivors (3072K)
}
Event: 11.579 {heap Before GC invocations=18 (full 0):
 garbage-first heap   total reserved 1533952K, committed 68608K, used 60946K [0x00000000a2600000, 0x0000000100000000)
  region size 1024K, 26 young (26624K), 3 survivors (3072K)
}
Event: 11.583 {heap After GC invocations=19 (full 0):
 garbage-first heap   total reserved 1533952K, committed 68608K, used 39304K [0x00000000a2600000, 0x0000000100000000)
  region size 1024K, 3 young (3072K), 3 survivors (3072K)
}
Event: 27.033 {heap Before GC invocations=19 (full 0):
 garbage-first heap   total reserved 1533952K, committed 68608K, used 59784K [0x00000000a2600000, 0x0000000100000000)
  region size 1024K, 24 young (24576K), 3 survivors (3072K)
}
Event: 27.044 {heap After GC invocations=20 (full 0):
 garbage-first heap   total reserved 1533952K, committed 68608K, used 40263K [0x00000000a2600000, 0x0000000100000000)
  region size 1024K, 2 young (2048K), 2 survivors (2048K)
}
Event: 2353.568 {heap Before GC invocations=20 (full 0):
 garbage-first heap   total reserved 1533952K, committed 68608K, used 60743K [0x00000000a2600000, 0x0000000100000000)
  region size 1024K, 23 young (23552K), 2 survivors (2048K)
}
Event: 2353.760 {heap After GC invocations=21 (full 0):
 garbage-first heap   total reserved 1533952K, committed 68608K, used 42333K [0x00000000a2600000, 0x0000000100000000)
  region size 1024K, 3 young (3072K), 3 survivors (3072K)
}
Event: 5459.445 {heap Before GC invocations=22 (full 0):
 garbage-first heap   total reserved 1533952K, committed 71680K, used 62813K [0x00000000a2600000, 0x0000000100000000)
  region size 1024K, 23 young (23552K), 3 survivors (3072K)
}
Event: 5459.563 {heap After GC invocations=23 (full 0):
 garbage-first heap   total reserved 1533952K, committed 71680K, used 43803K [0x00000000a2600000, 0x0000000100000000)
  region size 1024K, 2 young (2048K), 2 survivors (2048K)
}

